<?xml version="1.0" encoding="utf-8"?><testsuites name="pytest tests"><testsuite name="pytest" errors="0" failures="0" skipped="0" tests="13" time="13.350" timestamp="2026-06-25T16:36:57.046958+00:00" hostname="agent-env-7d2c7691-99fb-4056-8c86-34ae134d7a08"><testcase classname="tests.test_v2_endpoints.TestPolluters" name="test_polluters_all" time="1.618" /><testcase classname="tests.test_v2_endpoints.TestCopilot" name="test_copilot_general" time="8.665" /><testcase classname="tests.test_v2_endpoints.TestPolluters" name="test_polluters_filter_red" time="0.045" /><testcase classname="tests.test_v2_endpoints.TestComplaints" name="test_submit_and_list_complaint" time="5.710" /><testcase classname="tests.test_v2_endpoints.TestComplaints" name="test_complaint_rejects_empty_image" time="0.046" /><testcase classname="tests.test_v2_endpoints.TestImpact" name="test_impact_shape" time="0.045" /><testcase classname="tests.test_v2_endpoints.TestRisks" name="test_risks_list" time="0.045" /><testcase classname="tests.test_v2_endpoints.TestRiskNarrative" name="test_av_narrative" time="0.051" /><testcase classname="tests.test_v2_endpoints.TestSensors" name="test_sensor_av" time="0.049" /><testcase classname="tests.test_v2_endpoints.TestNotice" name="test_notice_rec1001" time="5.203" /><testcase classname="tests.test_v2_endpoints.TestCopilot" name="test_copilot_with_ward" time="2.692" /><testcase classname="tests.test_v2_endpoints.TestV1Smoke" name="test_wards" time="0.048" /><testcase classname="tests.test_v2_endpoints.TestV1Smoke" name="test_kpis" time="0.046" /></testsuite></testsuites>