<?xml version="1.0" encoding="utf-8"?><testsuites name="pytest tests"><testsuite name="pytest" errors="0" failures="0" skipped="0" tests="14" time="23.640" timestamp="2026-06-25T16:53:28.245456+00:00" hostname="agent-env-7d2c7691-99fb-4056-8c86-34ae134d7a08"><testcase classname="tests.test_v3_polish" name="test_kpis_has_forecast_accuracy_and_disclosure" time="0.309" /><testcase classname="tests.test_v3_polish" name="test_recommended_actions_av" time="0.135" /><testcase classname="tests.test_v3_polish" name="test_recommended_actions_unknown_ward" time="0.133" /><testcase classname="tests.test_v3_polish" name="test_regression_get_endpoints[/api/wards]" time="0.143" /><testcase classname="tests.test_v3_polish" name="test_regression_get_endpoints[/api/forecast/AV]" time="0.144" /><testcase classname="tests.test_v3_polish" name="test_regression_get_endpoints[/api/enforcement]" time="0.144" /><testcase classname="tests.test_v3_polish" name="test_regression_get_endpoints[/api/advisory/AV]" time="12.159" /><testcase classname="tests.test_v3_polish" name="test_regression_get_endpoints[/api/complaints]" time="0.150" /><testcase classname="tests.test_v3_polish" name="test_regression_get_endpoints[/api/hotspots]" time="0.097" /><testcase classname="tests.test_v3_polish" name="test_regression_get_endpoints[/api/impact]" time="0.138" /><testcase classname="tests.test_v3_polish" name="test_regression_get_endpoints[/api/risks]" time="0.096" /><testcase classname="tests.test_v3_polish" name="test_regression_get_endpoints[/api/polluters]" time="0.113" /><testcase classname="tests.test_v3_polish" name="test_copilot_chat" time="2.803" /><testcase classname="tests.test_v3_polish" name="test_notice_endpoint" time="6.582" /></testsuite></testsuites>