<?xml version="1.0" encoding="utf-8"?><testsuites name="pytest tests"><testsuite name="pytest" errors="0" failures="0" skipped="0" tests="11" time="2.020" timestamp="2026-06-25T17:13:39.014817+00:00" hostname="agent-env-7d2c7691-99fb-4056-8c86-34ae134d7a08"><testcase classname="tests.test_v4_geo_simulate" name="test_source_attribution_av" time="0.277" /><testcase classname="tests.test_v4_geo_simulate" name="test_source_attribution_unknown_ward" time="0.105" /><testcase classname="tests.test_v4_geo_simulate" name="test_satellite_fires" time="0.107" /><testcase classname="tests.test_v4_geo_simulate" name="test_interventions_catalog" time="0.100" /><testcase classname="tests.test_v4_geo_simulate" name="test_simulate_intervention_av_three" time="0.119" /><testcase classname="tests.test_v4_geo_simulate" name="test_simulate_intervention_empty" time="0.105" /><testcase classname="tests.test_v4_geo_simulate" name="test_execute_plan_and_persists_to_enforcement" time="0.237" /><testcase classname="tests.test_v4_geo_simulate" name="test_agents_metadata" time="0.099" /><testcase classname="tests.test_v4_geo_simulate" name="test_alerts_no_args_returns_200" time="0.118" /><testcase classname="tests.test_v4_geo_simulate" name="test_sensors_av_returns_200" time="0.137" /><testcase classname="tests.test_v4_geo_simulate" name="test_registry_no_args_returns_200" time="0.103" /></testsuite></testsuites>